mode: set
course-sign-up/api/v1/v1.go:16.56,17.17 1 0
course-sign-up/api/v1/v1.go:17.17,19.3 1 0
course-sign-up/api/v1/v1.go:20.2,21.44 2 0
course-sign-up/api/v1/v1.go:21.44,23.3 1 0
course-sign-up/api/v1/v1.go:24.2,24.31 1 0
course-sign-up/api/v1/v1.go:27.79,28.17 1 0
course-sign-up/api/v1/v1.go:28.17,30.3 1 0
course-sign-up/api/v1/v1.go:31.2,32.44 2 0
course-sign-up/api/v1/v1.go:32.44,34.3 1 0
course-sign-up/api/v1/v1.go:35.2,35.26 1 0
course-sign-up/api/v1/v1.go:45.43,49.2 3 0
course-sign-up/api/v1/v1.go:50.31,52.2 1 0
course-sign-up/cmd/server/main.go:13.13,23.16 7 0
course-sign-up/cmd/server/main.go:23.16,24.13 1 0
course-sign-up/cmd/server/main.go:26.2,28.61 2 0
course-sign-up/cmd/server/wire_gen.go:22.87,32.24 10 0
course-sign-up/cmd/server/wire_gen.go:32.25,33.3 0 0
course-sign-up/internal/model/course.go:16.37,18.2 1 0
course-sign-up/internal/model/enrollment.go:13.41,15.2 1 0
course-sign-up/internal/handler/course.go:16.93,21.2 1 0
course-sign-up/internal/handler/course.go:23.55,26.16 2 0
course-sign-up/internal/handler/course.go:26.16,29.3 2 0
course-sign-up/internal/handler/course.go:31.2,31.32 1 0
course-sign-up/internal/handler/course.go:34.56,38.48 3 0
course-sign-up/internal/handler/course.go:38.48,41.3 2 0
course-sign-up/internal/handler/course.go:44.2,45.16 2 0
course-sign-up/internal/handler/course.go:45.16,49.3 2 0
course-sign-up/internal/handler/course.go:50.2,50.13 1 0
course-sign-up/internal/handler/course.go:50.13,53.3 2 0
course-sign-up/internal/handler/course.go:55.2,57.16 2 0
course-sign-up/internal/handler/course.go:57.16,60.3 2 0
course-sign-up/internal/handler/course.go:62.2,62.35 1 0
course-sign-up/internal/handler/course.go:65.62,69.16 3 0
course-sign-up/internal/handler/course.go:69.16,72.3 2 0
course-sign-up/internal/handler/course.go:73.2,73.36 1 0
course-sign-up/internal/handler/course.go:76.64,80.42 3 0
course-sign-up/internal/handler/course.go:80.42,83.3 2 0
course-sign-up/internal/handler/course.go:85.2,86.16 2 0
course-sign-up/internal/handler/course.go:86.16,89.3 2 0
course-sign-up/internal/handler/course.go:90.2,90.36 1 0
course-sign-up/internal/handler/course.go:94.63,98.42 3 0
course-sign-up/internal/handler/course.go:98.42,101.3 2 0
course-sign-up/internal/handler/course.go:103.2,105.16 2 0
course-sign-up/internal/handler/course.go:105.16,108.3 2 0
course-sign-up/internal/handler/course.go:110.2,112.16 2 0
course-sign-up/internal/handler/course.go:112.16,115.3 2 0
course-sign-up/internal/handler/course.go:117.2,117.36 1 0
course-sign-up/internal/handler/handler.go:11.46,15.2 1 0
course-sign-up/internal/repository/course.go:14.67,18.2 1 0
course-sign-up/internal/repository/course.go:24.79,29.25 3 0
course-sign-up/internal/repository/course.go:29.25,31.3 1 0
course-sign-up/internal/repository/course.go:32.2,32.21 1 0
course-sign-up/internal/repository/course.go:35.115,43.25 3 0
course-sign-up/internal/repository/course.go:43.25,45.3 1 0
course-sign-up/internal/repository/course.go:47.2,47.21 1 0
course-sign-up/internal/repository/course.go:50.87,53.16 3 0
course-sign-up/internal/repository/course.go:53.16,55.3 1 0
course-sign-up/internal/repository/course.go:56.2,56.23 1 0
course-sign-up/internal/repository/enrollment.go:16.75,20.2 1 0
course-sign-up/internal/repository/enrollment.go:26.132,34.16 3 0
course-sign-up/internal/repository/enrollment.go:34.16,36.3 1 0
course-sign-up/internal/repository/enrollment.go:38.2,38.24 1 0
course-sign-up/internal/repository/enrollment.go:41.119,46.25 3 0
course-sign-up/internal/repository/enrollment.go:46.25,48.3 1 0
course-sign-up/internal/repository/enrollment.go:50.2,50.18 1 0
course-sign-up/internal/repository/enrollment.go:53.129,58.25 3 0
course-sign-up/internal/repository/enrollment.go:58.25,60.3 1 0
course-sign-up/internal/repository/enrollment.go:62.2,62.30 1 0
course-sign-up/internal/repository/enrollment.go:62.30,64.3 1 0
course-sign-up/internal/repository/enrollment.go:66.2,66.24 1 0
course-sign-up/internal/repository/enrollment.go:69.137,74.25 3 0
course-sign-up/internal/repository/enrollment.go:74.25,76.3 1 0
course-sign-up/internal/repository/enrollment.go:78.2,78.25 1 0
course-sign-up/internal/repository/repository.go:19.65,25.2 1 0
course-sign-up/internal/repository/repository.go:27.40,31.16 3 0
course-sign-up/internal/repository/repository.go:31.16,32.13 1 0
course-sign-up/internal/repository/repository.go:36.2,37.16 2 0
course-sign-up/internal/repository/repository.go:37.16,38.13 1 0
course-sign-up/internal/repository/repository.go:40.2,44.11 4 0
course-sign-up/internal/server/http.go:14.15,18.42 3 0
course-sign-up/internal/server/http.go:18.42,22.3 1 0
course-sign-up/internal/server/http.go:24.2,30.10 6 0
course-sign-up/internal/service/course.go:19.155,25.2 1 0
course-sign-up/internal/service/course.go:33.83,35.2 1 0
course-sign-up/internal/service/course.go:37.92,39.2 1 0
course-sign-up/internal/service/course.go:41.124,43.2 1 0
course-sign-up/internal/service/course.go:45.111,47.2 1 0
course-sign-up/internal/service/course.go:49.119,51.2 1 0
course-sign-up/internal/service/course.go:53.131,55.2 1 0
course-sign-up/internal/service/course.go:57.133,59.2 1 0
course-sign-up/internal/service/service.go:9.46,13.2 1 0
course-sign-up/pkg/http/http.go:14.38,23.12 2 0
course-sign-up/pkg/http/http.go:23.12,24.77 1 0
course-sign-up/pkg/http/http.go:24.77,26.4 1 0
course-sign-up/pkg/http/http.go:31.2,43.42 7 0
course-sign-up/pkg/http/http.go:43.42,45.3 1 0
course-sign-up/pkg/http/http.go:47.2,47.31 1 0
course-sign-up/pkg/config/config.go:10.39,12.19 2 0
course-sign-up/pkg/config/config.go:12.19,14.3 1 0
course-sign-up/pkg/config/config.go:15.2,16.27 2 0
course-sign-up/pkg/config/config.go:19.42,23.16 4 0
course-sign-up/pkg/config/config.go:23.16,24.13 1 0
course-sign-up/pkg/config/config.go:26.2,26.13 1 0
course-sign-up/test/mocks/repository/course.go:27.77,31.2 3 0
course-sign-up/test/mocks/repository/course.go:34.75,36.2 1 0
course-sign-up/test/mocks/repository/course.go:39.91,45.2 5 0
course-sign-up/test/mocks/repository/course.go:48.92,51.2 2 0
course-sign-up/test/mocks/repository/course.go:54.83,60.2 5 0
course-sign-up/test/mocks/repository/course.go:63.80,66.2 2 0
course-sign-up/test/mocks/repository/course.go:69.119,75.2 5 0
course-sign-up/test/mocks/repository/course.go:78.109,81.2 2 0
course-sign-up/test/mocks/repository/enrollment.go:27.85,31.2 3 0
course-sign-up/test/mocks/repository/enrollment.go:34.83,36.2 1 0
course-sign-up/test/mocks/repository/enrollment.go:39.129,45.2 5 0
course-sign-up/test/mocks/repository/enrollment.go:48.117,51.2 2 0
course-sign-up/test/mocks/repository/enrollment.go:54.116,60.2 5 0
course-sign-up/test/mocks/repository/enrollment.go:63.117,66.2 2 0
course-sign-up/test/mocks/repository/enrollment.go:69.134,75.2 5 0
course-sign-up/test/mocks/repository/enrollment.go:78.120,81.2 2 0
course-sign-up/test/mocks/repository/enrollment.go:84.126,90.2 5 0
course-sign-up/test/mocks/repository/enrollment.go:93.114,96.2 2 0
course-sign-up/test/mocks/repository/repository.go:26.67,30.2 3 0
course-sign-up/test/mocks/repository/repository.go:33.65,35.2 1 0
course-sign-up/test/mocks/repository/repository.go:38.98,43.2 4 0
course-sign-up/test/mocks/repository/repository.go:46.86,49.2 2 0
course-sign-up/pkg/helper/resp/resp.go:14.56,15.17 1 0
course-sign-up/pkg/helper/resp/resp.go:15.17,17.3 1 0
course-sign-up/pkg/helper/resp/resp.go:18.2,19.31 2 0
course-sign-up/pkg/helper/resp/resp.go:22.90,23.17 1 0
course-sign-up/pkg/helper/resp/resp.go:23.17,25.3 1 0
course-sign-up/pkg/helper/resp/resp.go:26.2,27.26 2 0
course-sign-up/test/mocks/service/course.go:27.71,31.2 3 0
course-sign-up/test/mocks/service/course.go:34.69,36.2 1 0
course-sign-up/test/mocks/service/course.go:39.116,45.2 5 0
course-sign-up/test/mocks/service/course.go:48.117,51.2 2 0
course-sign-up/test/mocks/service/course.go:54.130,60.2 5 0
course-sign-up/test/mocks/service/course.go:63.116,66.2 2 0
course-sign-up/test/mocks/service/course.go:69.128,75.2 5 0
course-sign-up/test/mocks/service/course.go:78.116,81.2 2 0
course-sign-up/test/mocks/service/course.go:84.115,90.2 5 0
course-sign-up/test/mocks/service/course.go:93.105,96.2 2 0
course-sign-up/test/mocks/service/course.go:99.96,105.2 5 0
course-sign-up/test/mocks/service/course.go:108.97,111.2 2 0
course-sign-up/test/mocks/service/course.go:114.87,120.2 5 0
course-sign-up/test/mocks/service/course.go:123.84,126.2 2 0
course-sign-up/test/mocks/service/course.go:129.121,135.2 5 0
course-sign-up/test/mocks/service/course.go:138.109,141.2 2 0
course-sign-up/pkg/log/log.go:19.40,21.2 1 0
course-sign-up/pkg/log/log.go:23.41,30.12 4 0
course-sign-up/pkg/log/log.go:31.15,32.25 1 0
course-sign-up/pkg/log/log.go:33.14,34.24 1 0
course-sign-up/pkg/log/log.go:35.14,36.24 1 0
course-sign-up/pkg/log/log.go:37.15,38.25 1 0
course-sign-up/pkg/log/log.go:39.10,40.24 1 0
course-sign-up/pkg/log/log.go:42.2,51.49 3 0
course-sign-up/pkg/log/log.go:51.49,65.3 1 0
course-sign-up/pkg/log/log.go:65.8,80.3 1 0
course-sign-up/pkg/log/log.go:81.2,86.37 2 0
course-sign-up/pkg/log/log.go:86.37,88.3 1 0
course-sign-up/pkg/log/log.go:89.2,89.83 1 0
course-sign-up/pkg/log/log.go:94.66,97.2 1 0
course-sign-up/pkg/log/log.go:100.72,102.2 1 0
course-sign-up/pkg/log/log.go:105.56,106.16 1 0
course-sign-up/pkg/log/log.go:106.16,108.3 1 0
course-sign-up/pkg/log/log.go:109.2,111.8 3 0
course-sign-up/pkg/log/log.go:111.8,113.3 1 0
course-sign-up/pkg/log/log.go:114.2,114.10 1 0
course-sign-up/api/v1/v1.go:16.56,17.17 1 1
course-sign-up/api/v1/v1.go:17.17,19.3 1 0
course-sign-up/api/v1/v1.go:20.2,21.44 2 1
course-sign-up/api/v1/v1.go:21.44,23.3 1 0
course-sign-up/api/v1/v1.go:24.2,24.31 1 1
course-sign-up/api/v1/v1.go:27.79,28.17 1 0
course-sign-up/api/v1/v1.go:28.17,30.3 1 0
course-sign-up/api/v1/v1.go:31.2,32.44 2 0
course-sign-up/api/v1/v1.go:32.44,34.3 1 0
course-sign-up/api/v1/v1.go:35.2,35.26 1 0
course-sign-up/api/v1/v1.go:45.43,49.2 3 1
course-sign-up/api/v1/v1.go:50.31,52.2 1 0
course-sign-up/internal/handler/course.go:16.93,21.2 1 1
course-sign-up/internal/handler/course.go:23.55,26.16 2 1
course-sign-up/internal/handler/course.go:26.16,29.3 2 0
course-sign-up/internal/handler/course.go:31.2,31.32 1 1
course-sign-up/internal/handler/course.go:34.56,38.48 3 1
course-sign-up/internal/handler/course.go:38.48,41.3 2 0
course-sign-up/internal/handler/course.go:44.2,45.16 2 1
course-sign-up/internal/handler/course.go:45.16,49.3 2 0
course-sign-up/internal/handler/course.go:50.2,50.13 1 1
course-sign-up/internal/handler/course.go:50.13,53.3 2 0
course-sign-up/internal/handler/course.go:55.2,57.16 2 1
course-sign-up/internal/handler/course.go:57.16,60.3 2 0
course-sign-up/internal/handler/course.go:62.2,62.35 1 1
course-sign-up/internal/handler/course.go:65.62,69.16 3 0
course-sign-up/internal/handler/course.go:69.16,72.3 2 0
course-sign-up/internal/handler/course.go:73.2,73.36 1 0
course-sign-up/internal/handler/course.go:76.64,80.42 3 0
course-sign-up/internal/handler/course.go:80.42,83.3 2 0
course-sign-up/internal/handler/course.go:85.2,86.16 2 0
course-sign-up/internal/handler/course.go:86.16,89.3 2 0
course-sign-up/internal/handler/course.go:90.2,90.36 1 0
course-sign-up/internal/handler/course.go:94.63,98.42 3 0
course-sign-up/internal/handler/course.go:98.42,101.3 2 0
course-sign-up/internal/handler/course.go:103.2,105.16 2 0
course-sign-up/internal/handler/course.go:105.16,108.3 2 0
course-sign-up/internal/handler/course.go:110.2,112.16 2 0
course-sign-up/internal/handler/course.go:112.16,115.3 2 0
course-sign-up/internal/handler/course.go:117.2,117.36 1 0
course-sign-up/internal/handler/handler.go:11.46,15.2 1 1
course-sign-up/internal/model/course.go:16.37,18.2 1 0
course-sign-up/internal/model/enrollment.go:13.41,15.2 1 0
course-sign-up/internal/repository/course.go:14.67,18.2 1 0
course-sign-up/internal/repository/course.go:24.79,29.25 3 0
course-sign-up/internal/repository/course.go:29.25,31.3 1 0
course-sign-up/internal/repository/course.go:32.2,32.21 1 0
course-sign-up/internal/repository/course.go:35.115,43.25 3 0
course-sign-up/internal/repository/course.go:43.25,45.3 1 0
course-sign-up/internal/repository/course.go:47.2,47.21 1 0
course-sign-up/internal/repository/course.go:50.87,53.16 3 0
course-sign-up/internal/repository/course.go:53.16,55.3 1 0
course-sign-up/internal/repository/course.go:56.2,56.23 1 0
course-sign-up/internal/repository/enrollment.go:16.75,20.2 1 0
course-sign-up/internal/repository/enrollment.go:26.132,34.16 3 0
course-sign-up/internal/repository/enrollment.go:34.16,36.3 1 0
course-sign-up/internal/repository/enrollment.go:38.2,38.24 1 0
course-sign-up/internal/repository/enrollment.go:41.119,46.25 3 0
course-sign-up/internal/repository/enrollment.go:46.25,48.3 1 0
course-sign-up/internal/repository/enrollment.go:50.2,50.18 1 0
course-sign-up/internal/repository/enrollment.go:53.129,58.25 3 0
course-sign-up/internal/repository/enrollment.go:58.25,60.3 1 0
course-sign-up/internal/repository/enrollment.go:62.2,62.30 1 0
course-sign-up/internal/repository/enrollment.go:62.30,64.3 1 0
course-sign-up/internal/repository/enrollment.go:66.2,66.24 1 0
course-sign-up/internal/repository/enrollment.go:69.137,74.25 3 0
course-sign-up/internal/repository/enrollment.go:74.25,76.3 1 0
course-sign-up/internal/repository/enrollment.go:78.2,78.25 1 0
course-sign-up/internal/repository/repository.go:19.65,25.2 1 0
course-sign-up/internal/repository/repository.go:27.40,31.16 3 0
course-sign-up/internal/repository/repository.go:31.16,32.13 1 0
course-sign-up/internal/repository/repository.go:36.2,37.16 2 0
course-sign-up/internal/repository/repository.go:37.16,38.13 1 0
course-sign-up/internal/repository/repository.go:40.2,44.11 4 0
course-sign-up/internal/service/course.go:19.155,25.2 1 0
course-sign-up/internal/service/course.go:33.83,35.2 1 0
course-sign-up/internal/service/course.go:37.92,39.2 1 0
course-sign-up/internal/service/course.go:41.124,43.2 1 0
course-sign-up/internal/service/course.go:45.111,47.2 1 0
course-sign-up/internal/service/course.go:49.119,51.2 1 0
course-sign-up/internal/service/course.go:53.131,55.2 1 0
course-sign-up/internal/service/course.go:57.133,59.2 1 0
course-sign-up/internal/service/service.go:9.46,13.2 1 0
course-sign-up/pkg/config/config.go:10.39,12.19 2 1
course-sign-up/pkg/config/config.go:12.19,14.3 1 0
course-sign-up/pkg/config/config.go:15.2,16.27 2 1
course-sign-up/pkg/config/config.go:19.42,23.16 4 1
course-sign-up/pkg/config/config.go:23.16,24.13 1 0
course-sign-up/pkg/config/config.go:26.2,26.13 1 1
course-sign-up/pkg/log/log.go:19.40,21.2 1 1
course-sign-up/pkg/log/log.go:23.41,30.12 4 1
course-sign-up/pkg/log/log.go:31.15,32.25 1 1
course-sign-up/pkg/log/log.go:33.14,34.24 1 0
course-sign-up/pkg/log/log.go:35.14,36.24 1 0
course-sign-up/pkg/log/log.go:37.15,38.25 1 0
course-sign-up/pkg/log/log.go:39.10,40.24 1 0
course-sign-up/pkg/log/log.go:42.2,51.49 3 1
course-sign-up/pkg/log/log.go:51.49,65.3 1 1
course-sign-up/pkg/log/log.go:65.8,80.3 1 0
course-sign-up/pkg/log/log.go:81.2,86.37 2 1
course-sign-up/pkg/log/log.go:86.37,88.3 1 1
course-sign-up/pkg/log/log.go:89.2,89.83 1 0
course-sign-up/pkg/log/log.go:94.66,97.2 1 0
course-sign-up/pkg/log/log.go:100.72,102.2 1 0
course-sign-up/pkg/log/log.go:105.56,106.16 1 0
course-sign-up/pkg/log/log.go:106.16,108.3 1 0
course-sign-up/pkg/log/log.go:109.2,111.8 3 0
course-sign-up/pkg/log/log.go:111.8,113.3 1 0
course-sign-up/pkg/log/log.go:114.2,114.10 1 0
course-sign-up/test/mocks/service/course.go:27.71,31.2 3 1
course-sign-up/test/mocks/service/course.go:34.69,36.2 1 1
course-sign-up/test/mocks/service/course.go:39.116,45.2 5 0
course-sign-up/test/mocks/service/course.go:48.117,51.2 2 0
course-sign-up/test/mocks/service/course.go:54.130,60.2 5 0
course-sign-up/test/mocks/service/course.go:63.116,66.2 2 0
course-sign-up/test/mocks/service/course.go:69.128,75.2 5 0
course-sign-up/test/mocks/service/course.go:78.116,81.2 2 0
course-sign-up/test/mocks/service/course.go:84.115,90.2 5 0
course-sign-up/test/mocks/service/course.go:93.105,96.2 2 0
course-sign-up/test/mocks/service/course.go:99.96,105.2 5 1
course-sign-up/test/mocks/service/course.go:108.97,111.2 2 1
course-sign-up/test/mocks/service/course.go:114.87,120.2 5 1
course-sign-up/test/mocks/service/course.go:123.84,126.2 2 1
course-sign-up/test/mocks/service/course.go:129.121,135.2 5 1
course-sign-up/test/mocks/service/course.go:138.109,141.2 2 1
course-sign-up/api/v1/v1.go:16.56,17.17 1 0
course-sign-up/api/v1/v1.go:17.17,19.3 1 0
course-sign-up/api/v1/v1.go:20.2,21.44 2 0
course-sign-up/api/v1/v1.go:21.44,23.3 1 0
course-sign-up/api/v1/v1.go:24.2,24.31 1 0
course-sign-up/api/v1/v1.go:27.79,28.17 1 0
course-sign-up/api/v1/v1.go:28.17,30.3 1 0
course-sign-up/api/v1/v1.go:31.2,32.44 2 0
course-sign-up/api/v1/v1.go:32.44,34.3 1 0
course-sign-up/api/v1/v1.go:35.2,35.26 1 0
course-sign-up/api/v1/v1.go:45.43,49.2 3 1
course-sign-up/api/v1/v1.go:50.31,52.2 1 0
course-sign-up/internal/model/course.go:16.37,18.2 1 0
course-sign-up/internal/model/enrollment.go:13.41,15.2 1 0
course-sign-up/internal/repository/course.go:14.67,18.2 1 0
course-sign-up/internal/repository/course.go:24.79,29.25 3 0
course-sign-up/internal/repository/course.go:29.25,31.3 1 0
course-sign-up/internal/repository/course.go:32.2,32.21 1 0
course-sign-up/internal/repository/course.go:35.115,43.25 3 0
course-sign-up/internal/repository/course.go:43.25,45.3 1 0
course-sign-up/internal/repository/course.go:47.2,47.21 1 0
course-sign-up/internal/repository/course.go:50.87,53.16 3 0
course-sign-up/internal/repository/course.go:53.16,55.3 1 0
course-sign-up/internal/repository/course.go:56.2,56.23 1 0
course-sign-up/internal/repository/enrollment.go:16.75,20.2 1 0
course-sign-up/internal/repository/enrollment.go:26.132,34.16 3 0
course-sign-up/internal/repository/enrollment.go:34.16,36.3 1 0
course-sign-up/internal/repository/enrollment.go:38.2,38.24 1 0
course-sign-up/internal/repository/enrollment.go:41.119,46.25 3 0
course-sign-up/internal/repository/enrollment.go:46.25,48.3 1 0
course-sign-up/internal/repository/enrollment.go:50.2,50.18 1 0
course-sign-up/internal/repository/enrollment.go:53.129,58.25 3 0
course-sign-up/internal/repository/enrollment.go:58.25,60.3 1 0
course-sign-up/internal/repository/enrollment.go:62.2,62.30 1 0
course-sign-up/internal/repository/enrollment.go:62.30,64.3 1 0
course-sign-up/internal/repository/enrollment.go:66.2,66.24 1 0
course-sign-up/internal/repository/enrollment.go:69.137,74.25 3 0
course-sign-up/internal/repository/enrollment.go:74.25,76.3 1 0
course-sign-up/internal/repository/enrollment.go:78.2,78.25 1 0
course-sign-up/internal/repository/repository.go:19.65,25.2 1 0
course-sign-up/internal/repository/repository.go:27.40,31.16 3 0
course-sign-up/internal/repository/repository.go:31.16,32.13 1 0
course-sign-up/internal/repository/repository.go:36.2,37.16 2 0
course-sign-up/internal/repository/repository.go:37.16,38.13 1 0
course-sign-up/internal/repository/repository.go:40.2,44.11 4 0
course-sign-up/internal/service/course.go:19.155,25.2 1 1
course-sign-up/internal/service/course.go:33.83,35.2 1 0
course-sign-up/internal/service/course.go:37.92,39.2 1 0
course-sign-up/internal/service/course.go:41.124,43.2 1 0
course-sign-up/internal/service/course.go:45.111,47.2 1 1
course-sign-up/internal/service/course.go:49.119,51.2 1 0
course-sign-up/internal/service/course.go:53.131,55.2 1 0
course-sign-up/internal/service/course.go:57.133,59.2 1 0
course-sign-up/internal/service/service.go:9.46,13.2 1 1
course-sign-up/pkg/config/config.go:10.39,12.19 2 1
course-sign-up/pkg/config/config.go:12.19,14.3 1 0
course-sign-up/pkg/config/config.go:15.2,16.27 2 1
course-sign-up/pkg/config/config.go:19.42,23.16 4 1
course-sign-up/pkg/config/config.go:23.16,24.13 1 0
course-sign-up/pkg/config/config.go:26.2,26.13 1 1
course-sign-up/pkg/log/log.go:19.40,21.2 1 1
course-sign-up/pkg/log/log.go:23.41,30.12 4 1
course-sign-up/pkg/log/log.go:31.15,32.25 1 1
course-sign-up/pkg/log/log.go:33.14,34.24 1 0
course-sign-up/pkg/log/log.go:35.14,36.24 1 0
course-sign-up/pkg/log/log.go:37.15,38.25 1 0
course-sign-up/pkg/log/log.go:39.10,40.24 1 0
course-sign-up/pkg/log/log.go:42.2,51.49 3 1
course-sign-up/pkg/log/log.go:51.49,65.3 1 1
course-sign-up/pkg/log/log.go:65.8,80.3 1 0
course-sign-up/pkg/log/log.go:81.2,86.37 2 1
course-sign-up/pkg/log/log.go:86.37,88.3 1 1
course-sign-up/pkg/log/log.go:89.2,89.83 1 0
course-sign-up/pkg/log/log.go:94.66,97.2 1 0
course-sign-up/pkg/log/log.go:100.72,102.2 1 0
course-sign-up/pkg/log/log.go:105.56,106.16 1 0
course-sign-up/pkg/log/log.go:106.16,108.3 1 0
course-sign-up/pkg/log/log.go:109.2,111.8 3 0
course-sign-up/pkg/log/log.go:111.8,113.3 1 0
course-sign-up/pkg/log/log.go:114.2,114.10 1 0
course-sign-up/test/mocks/repository/course.go:27.77,31.2 3 1
course-sign-up/test/mocks/repository/course.go:34.75,36.2 1 1
course-sign-up/test/mocks/repository/course.go:39.91,45.2 5 0
course-sign-up/test/mocks/repository/course.go:48.92,51.2 2 0
course-sign-up/test/mocks/repository/course.go:54.83,60.2 5 0
course-sign-up/test/mocks/repository/course.go:63.80,66.2 2 0
course-sign-up/test/mocks/repository/course.go:69.119,75.2 5 1
course-sign-up/test/mocks/repository/course.go:78.109,81.2 2 1
course-sign-up/test/mocks/repository/enrollment.go:27.85,31.2 3 1
course-sign-up/test/mocks/repository/enrollment.go:34.83,36.2 1 0
course-sign-up/test/mocks/repository/enrollment.go:39.129,45.2 5 0
course-sign-up/test/mocks/repository/enrollment.go:48.117,51.2 2 0
course-sign-up/test/mocks/repository/enrollment.go:54.116,60.2 5 0
course-sign-up/test/mocks/repository/enrollment.go:63.117,66.2 2 0
course-sign-up/test/mocks/repository/enrollment.go:69.134,75.2 5 0
course-sign-up/test/mocks/repository/enrollment.go:78.120,81.2 2 0
course-sign-up/test/mocks/repository/enrollment.go:84.126,90.2 5 0
course-sign-up/test/mocks/repository/enrollment.go:93.114,96.2 2 0
course-sign-up/test/mocks/repository/repository.go:26.67,30.2 3 0
course-sign-up/test/mocks/repository/repository.go:33.65,35.2 1 0
course-sign-up/test/mocks/repository/repository.go:38.98,43.2 4 0
course-sign-up/test/mocks/repository/repository.go:46.86,49.2 2 0
